

Microchip MPLAB XC8 Assembler V2.36 build 20220127204148 
                                                                                               Sun Jan 15 00:17:14 2023

Microchip MPLAB XC8 C Compiler v2.36 (Free license) build 20220127204148 Og1 
     1                           	processor	16F877A
     2                           	pagewidth 120
     3                           	opt	flic
     4                           	psect	cinit,global,class=CODE,merge=1,delta=2
     5                           	psect	cstackCOMMON,global,class=COMMON,space=1,delta=1,noexec
     6                           	psect	cstackBANK0,global,class=BANK0,space=1,delta=1,noexec
     7                           	psect	maintext,global,class=CODE,split=1,delta=2
     8                           	psect	text1,local,class=CODE,merge=1,delta=2
     9                           	psect	text2,local,class=CODE,merge=1,delta=2,group=1
    10                           	psect	text3,local,class=CODE,merge=1,delta=2
    11                           	psect	text4,local,class=CODE,merge=1,delta=2
    12                           	psect	text5,local,class=CODE,merge=1,delta=2
    13                           	psect	text6,local,class=CODE,merge=1,delta=2
    14                           	psect	text7,local,class=CODE,merge=1,delta=2
    15                           	psect	text8,local,class=CODE,merge=1,delta=2
    16                           	psect	text9,local,class=CODE,merge=1,delta=2
    17                           	psect	text10,local,class=CODE,merge=1,delta=2
    18                           	psect	text11,local,class=CODE,merge=1,delta=2
    19                           	psect	idloc,global,abs,ovrld,class=IDLOC,space=5,delta=2,noexec
    20                           	psect	config,global,abs,ovrld,class=CONFIG,space=4,delta=2,noexec
    21                           	dabs	1,0x7E,2
    22  0000                     
    23                           ; Version 2.40
    24                           ; Generated 17/11/2021 GMT
    25                           ; 
    26                           ; Copyright © 2021, Microchip Technology Inc. and its subsidiaries ("Microchip")
    27                           ; All rights reserved.
    28                           ; 
    29                           ; This software is developed by Microchip Technology Inc. and its subsidiaries ("Microch
      +                          ip").
    30                           ; 
    31                           ; Redistribution and use in source and binary forms, with or without modification, are
    32                           ; permitted provided that the following conditions are met:
    33                           ; 
    34                           ;     1. Redistributions of source code must retain the above copyright notice, this lis
      +                          t of
    35                           ;        conditions and the following disclaimer.
    36                           ; 
    37                           ;     2. Redistributions in binary form must reproduce the above copyright notice, this 
      +                          list
    38                           ;        of conditions and the following disclaimer in the documentation and/or other
    39                           ;        materials provided with the distribution. Publication is not required when
    40                           ;        this file is used in an embedded application.
    41                           ; 
    42                           ;     3. Microchip's name may not be used to endorse or promote products derived from th
      +                          is
    43                           ;        software without specific prior written permission.
    44                           ; 
    45                           ; THIS SOFTWARE IS PROVIDED BY MICROCHIP "AS IS" AND ANY EXPRESS OR IMPLIED WARRANTIES,
    46                           ; INCLUDING, BUT NOT LIMITED TO, THE IMPLIED WARRANTIES OF MERCHANTABILITY AND FITNESS F
      +                          OR
    47                           ; PURPOSE ARE DISCLAIMED.  IN NO EVENT SHALL MICROCHIP BE LIABLE FOR ANY DIRECT, INDIREC
      +                          T,
    48                           ; INCIDENTAL, SPECIAL, EXEMPLARY, OR CONSEQUENTIAL DAMAGES (INCLUDING BUT NOT LIMITED TO
    49                           ; PROCUREMENT OF SUBSTITUTE GOODS OR SERVICES; LOSS OF USE, DATA OR PROFITS; OR BUSINESS
    50                           ; INTERRUPTION) HOWSOEVER CAUSED AND ON ANY THEORY OF LIABILITY, WHETHER IN CONTRACT, ST
      +                          RICT
    51                           ; LIABILITY, OR TORT (INCLUDING NEGLIGENCE OR OTHERWISE) ARISING IN ANY WAY OUT OF THE U
      +                          SE OF
    52                           ; THIS SOFTWARE, EVEN IF ADVISED OF THE POSSIBILITY OF SUCH DAMAGE.
    53                           ; 
    54                           ; 
    55                           ; Code-generator required, PIC16F877A Definitions
    56                           ; 
    57                           ; SFR Addresses
    58  0000                     	;# 
    59  0001                     	;# 
    60  0002                     	;# 
    61  0003                     	;# 
    62  0004                     	;# 
    63  0005                     	;# 
    64  0006                     	;# 
    65  0007                     	;# 
    66  0008                     	;# 
    67  0009                     	;# 
    68  000A                     	;# 
    69  000B                     	;# 
    70  000C                     	;# 
    71  000D                     	;# 
    72  000E                     	;# 
    73  000E                     	;# 
    74  000F                     	;# 
    75  0010                     	;# 
    76  0011                     	;# 
    77  0012                     	;# 
    78  0013                     	;# 
    79  0014                     	;# 
    80  0015                     	;# 
    81  0015                     	;# 
    82  0016                     	;# 
    83  0017                     	;# 
    84  0018                     	;# 
    85  0019                     	;# 
    86  001A                     	;# 
    87  001B                     	;# 
    88  001B                     	;# 
    89  001C                     	;# 
    90  001D                     	;# 
    91  001E                     	;# 
    92  001F                     	;# 
    93  0081                     	;# 
    94  0085                     	;# 
    95  0086                     	;# 
    96  0087                     	;# 
    97  0088                     	;# 
    98  0089                     	;# 
    99  008C                     	;# 
   100  008D                     	;# 
   101  008E                     	;# 
   102  0091                     	;# 
   103  0092                     	;# 
   104  0093                     	;# 
   105  0094                     	;# 
   106  0098                     	;# 
   107  0099                     	;# 
   108  009C                     	;# 
   109  009D                     	;# 
   110  009E                     	;# 
   111  009F                     	;# 
   112  010C                     	;# 
   113  010D                     	;# 
   114  010E                     	;# 
   115  010F                     	;# 
   116  018C                     	;# 
   117  018D                     	;# 
   118  0000                     	;# 
   119  0001                     	;# 
   120  0002                     	;# 
   121  0003                     	;# 
   122  0004                     	;# 
   123  0005                     	;# 
   124  0006                     	;# 
   125  0007                     	;# 
   126  0008                     	;# 
   127  0009                     	;# 
   128  000A                     	;# 
   129  000B                     	;# 
   130  000C                     	;# 
   131  000D                     	;# 
   132  000E                     	;# 
   133  000E                     	;# 
   134  000F                     	;# 
   135  0010                     	;# 
   136  0011                     	;# 
   137  0012                     	;# 
   138  0013                     	;# 
   139  0014                     	;# 
   140  0015                     	;# 
   141  0015                     	;# 
   142  0016                     	;# 
   143  0017                     	;# 
   144  0018                     	;# 
   145  0019                     	;# 
   146  001A                     	;# 
   147  001B                     	;# 
   148  001B                     	;# 
   149  001C                     	;# 
   150  001D                     	;# 
   151  001E                     	;# 
   152  001F                     	;# 
   153  0081                     	;# 
   154  0085                     	;# 
   155  0086                     	;# 
   156  0087                     	;# 
   157  0088                     	;# 
   158  0089                     	;# 
   159  008C                     	;# 
   160  008D                     	;# 
   161  008E                     	;# 
   162  0091                     	;# 
   163  0092                     	;# 
   164  0093                     	;# 
   165  0094                     	;# 
   166  0098                     	;# 
   167  0099                     	;# 
   168  009C                     	;# 
   169  009D                     	;# 
   170  009E                     	;# 
   171  009F                     	;# 
   172  010C                     	;# 
   173  010D                     	;# 
   174  010E                     	;# 
   175  010F                     	;# 
   176  018C                     	;# 
   177  018D                     	;# 
   178  0000                     	;# 
   179  0001                     	;# 
   180  0002                     	;# 
   181  0003                     	;# 
   182  0004                     	;# 
   183  0005                     	;# 
   184  0006                     	;# 
   185  0007                     	;# 
   186  0008                     	;# 
   187  0009                     	;# 
   188  000A                     	;# 
   189  000B                     	;# 
   190  000C                     	;# 
   191  000D                     	;# 
   192  000E                     	;# 
   193  000E                     	;# 
   194  000F                     	;# 
   195  0010                     	;# 
   196  0011                     	;# 
   197  0012                     	;# 
   198  0013                     	;# 
   199  0014                     	;# 
   200  0015                     	;# 
   201  0015                     	;# 
   202  0016                     	;# 
   203  0017                     	;# 
   204  0018                     	;# 
   205  0019                     	;# 
   206  001A                     	;# 
   207  001B                     	;# 
   208  001B                     	;# 
   209  001C                     	;# 
   210  001D                     	;# 
   211  001E                     	;# 
   212  001F                     	;# 
   213  0081                     	;# 
   214  0085                     	;# 
   215  0086                     	;# 
   216  0087                     	;# 
   217  0088                     	;# 
   218  0089                     	;# 
   219  008C                     	;# 
   220  008D                     	;# 
   221  008E                     	;# 
   222  0091                     	;# 
   223  0092                     	;# 
   224  0093                     	;# 
   225  0094                     	;# 
   226  0098                     	;# 
   227  0099                     	;# 
   228  009C                     	;# 
   229  009D                     	;# 
   230  009E                     	;# 
   231  009F                     	;# 
   232  010C                     	;# 
   233  010D                     	;# 
   234  010E                     	;# 
   235  010F                     	;# 
   236  018C                     	;# 
   237  018D                     	;# 
   238  000C                     _PIR1	set	12
   239  0013                     _SSPBUF	set	19
   240  0014                     _SSPCON	set	20
   241  0008                     _PORTD	set	8
   242  0007                     _PORTC	set	7
   243  0093                     _SSPADD	set	147
   244  0091                     _SSPCON2	set	145
   245  0094                     _SSPSTAT	set	148
   246  0088                     _TRISD	set	136
   247  0087                     _TRISC	set	135
   248  048E                     _ACKSTAT	set	1166
   249                           
   250                           	psect	cinit
   251  07FC                     start_initialization:	
   252                           ; #config settings
   253                           
   254  07FC                     __initialization:
   255  07FC                     end_of_initialization:	
   256                           ;End of C runtime variable initialization code
   257                           
   258  07FC                     __end_of__initialization:
   259  07FC  0183               	clrf	3
   260  07FD  120A  118A  2F3B   	ljmp	_main	;jump to C main() function
   261                           
   262                           	psect	cstackCOMMON
   263  0070                     __pcstackCOMMON:
   264  0070                     ?_main:
   265  0070                     ?_I2C_Wait:	
   266                           ; 1 bytes @ 0x0
   267                           
   268  0070                     ??_I2C_Wait:	
   269                           ; 1 bytes @ 0x0
   270                           
   271  0070                     ?_I2C_Start:	
   272                           ; 1 bytes @ 0x0
   273                           
   274  0070                     ??_I2C_Start:	
   275                           ; 1 bytes @ 0x0
   276                           
   277  0070                     ?_I2C_Repeatedstart:	
   278                           ; 1 bytes @ 0x0
   279                           
   280  0070                     ??_I2C_Repeatedstart:	
   281                           ; 1 bytes @ 0x0
   282                           
   283  0070                     ?_I2C_Stop:	
   284                           ; 1 bytes @ 0x0
   285                           
   286  0070                     ??_I2C_Stop:	
   287                           ; 1 bytes @ 0x0
   288                           
   289  0070                     ?_I2C_Nack:	
   290                           ; 1 bytes @ 0x0
   291                           
   292  0070                     ??_I2C_Nack:	
   293                           ; 1 bytes @ 0x0
   294                           
   295  0070                     ?_I2C_Write:	
   296                           ; 1 bytes @ 0x0
   297                           
   298  0070                     ??_I2C_Write:	
   299                           ; 1 bytes @ 0x0
   300                           
   301  0070                     ?_I2C_Read:	
   302                           ; 1 bytes @ 0x0
   303                           
   304  0070                     ??_I2C_Read:	
   305                           ; 1 bytes @ 0x0
   306                           
   307  0070                     ?___lldiv:	
   308                           ; 1 bytes @ 0x0
   309                           
   310  0070                     ___lldiv@divisor:	
   311                           ; 4 bytes @ 0x0
   312                           
   313                           
   314                           ; 4 bytes @ 0x0
   315  0070                     	ds	2
   316  0072                     I2C_Write@data:
   317                           
   318                           ; 1 bytes @ 0x2
   319  0072                     	ds	1
   320  0073                     ?_EEPROM_Write:
   321  0073                     ?_EEPROM_Read:	
   322                           ; 1 bytes @ 0x3
   323                           
   324  0073                     EEPROM_Write@address:	
   325                           ; 1 bytes @ 0x3
   326                           
   327  0073                     EEPROM_Read@address:	
   328                           ; 2 bytes @ 0x3
   329                           
   330                           
   331                           ; 2 bytes @ 0x3
   332  0073                     	ds	1
   333  0074                     ___lldiv@dividend:
   334                           
   335                           ; 4 bytes @ 0x4
   336  0074                     	ds	1
   337  0075                     ??_EEPROM_Read:
   338  0075                     EEPROM_Write@data:	
   339                           ; 1 bytes @ 0x5
   340                           
   341                           
   342                           ; 1 bytes @ 0x5
   343  0075                     	ds	1
   344  0076                     ??_EEPROM_Write:
   345                           
   346                           ; 1 bytes @ 0x6
   347  0076                     	ds	2
   348  0078                     ??___lldiv:
   349  0078                     EEPROM_Read@data:	
   350                           ; 1 bytes @ 0x8
   351                           
   352                           
   353                           ; 1 bytes @ 0x8
   354  0078                     	ds	1
   355  0079                     ___lldiv@quotient:
   356                           
   357                           ; 4 bytes @ 0x9
   358  0079                     	ds	4
   359  007D                     ___lldiv@counter:
   360                           
   361                           ; 1 bytes @ 0xD
   362  007D                     	ds	1
   363                           
   364                           	psect	cstackBANK0
   365  0020                     __pcstackBANK0:
   366  0020                     ?_I2C_Init:
   367  0020                     I2C_Init@freq:	
   368                           ; 1 bytes @ 0x0
   369                           
   370                           
   371                           ; 4 bytes @ 0x0
   372  0020                     	ds	4
   373  0024                     ??_I2C_Init:
   374                           
   375                           ; 1 bytes @ 0x4
   376  0024                     	ds	4
   377  0028                     ??_main:
   378                           
   379                           ; 1 bytes @ 0x8
   380  0028                     	ds	1
   381                           
   382                           	psect	maintext
   383  073B                     __pmaintext:	
   384 ;;
   385 ;;Main: autosize = 0, tempsize = 1, incstack = 0, save=0
   386 ;;
   387 ;; *************** function _main *****************
   388 ;; Defined at:
   389 ;;		line 24 in file "Master.c"
   390 ;; Parameters:    Size  Location     Type
   391 ;;		None
   392 ;; Auto vars:     Size  Location     Type
   393 ;;		None
   394 ;; Return value:  Size  Location     Type
   395 ;;                  1    wreg      void 
   396 ;; Registers used:
   397 ;;		wreg, status,2, status,0, pclath, cstack
   398 ;; Tracked objects:
   399 ;;		On entry : B00/0
   400 ;;		On exit  : 0/0
   401 ;;		Unchanged: 0/0
   402 ;; Data sizes:     COMMON   BANK0   BANK1   BANK3   BANK2
   403 ;;      Params:         0       0       0       0       0
   404 ;;      Locals:         0       0       0       0       0
   405 ;;      Temps:          0       1       0       0       0
   406 ;;      Totals:         0       1       0       0       0
   407 ;;Total ram usage:        1 bytes
   408 ;; Hardware stack levels required when called: 3
   409 ;; This function calls:
   410 ;;		_EEPROM_Read
   411 ;;		_EEPROM_Write
   412 ;;		_I2C_Init
   413 ;; This function is called by:
   414 ;;		Startup code after reset
   415 ;; This function uses a non-reentrant model
   416 ;;
   417                           
   418  073B                     _main:	
   419                           ;psect for function _main
   420                           
   421  073B                     l828:	
   422                           ;incstack = 0
   423                           ; Regs used in _main: [wreg+status,2+status,0+pclath+cstack]
   424                           
   425                           
   426                           ;Master.c: 26:     I2C_Init(100000);
   427  073B  3000               	movlw	0
   428  073C  1283               	bcf	3,5	;RP0=0, select bank0
   429  073D  1303               	bcf	3,6	;RP1=0, select bank0
   430  073E  00A3               	movwf	I2C_Init@freq+3
   431  073F  3001               	movlw	1
   432  0740  00A2               	movwf	I2C_Init@freq+2
   433  0741  3086               	movlw	134
   434  0742  00A1               	movwf	I2C_Init@freq+1
   435  0743  30A0               	movlw	160
   436  0744  00A0               	movwf	I2C_Init@freq
   437  0745  120A  118A  26B1  120A  118A  	fcall	_I2C_Init
   438                           
   439                           ;Master.c: 28:     EEPROM_Write(0x0023, 'A');
   440  074A  3023               	movlw	35
   441  074B  00F3               	movwf	EEPROM_Write@address
   442  074C  3000               	movlw	0
   443  074D  00F4               	movwf	EEPROM_Write@address+1
   444  074E  3041               	movlw	65
   445  074F  1283               	bcf	3,5	;RP0=0, select bank0
   446  0750  1303               	bcf	3,6	;RP1=0, select bank0
   447  0751  00A8               	movwf	??_main
   448  0752  0828               	movf	??_main,w
   449  0753  00F5               	movwf	EEPROM_Write@data
   450  0754  120A  118A  2681  120A  118A  	fcall	_EEPROM_Write
   451                           
   452                           ;Master.c: 29:     EEPROM_Write(0x0028, 'B');
   453  0759  3028               	movlw	40
   454  075A  00F3               	movwf	EEPROM_Write@address
   455  075B  3000               	movlw	0
   456  075C  00F4               	movwf	EEPROM_Write@address+1
   457  075D  3042               	movlw	66
   458  075E  1283               	bcf	3,5	;RP0=0, select bank0
   459  075F  1303               	bcf	3,6	;RP1=0, select bank0
   460  0760  00A8               	movwf	??_main
   461  0761  0828               	movf	??_main,w
   462  0762  00F5               	movwf	EEPROM_Write@data
   463  0763  120A  118A  2681  120A  118A  	fcall	_EEPROM_Write
   464                           
   465                           ;Master.c: 30:     EEPROM_Write(0x0036, 'C');
   466  0768  3036               	movlw	54
   467  0769  00F3               	movwf	EEPROM_Write@address
   468  076A  3000               	movlw	0
   469  076B  00F4               	movwf	EEPROM_Write@address+1
   470  076C  3043               	movlw	67
   471  076D  1283               	bcf	3,5	;RP0=0, select bank0
   472  076E  1303               	bcf	3,6	;RP1=0, select bank0
   473  076F  00A8               	movwf	??_main
   474  0770  0828               	movf	??_main,w
   475  0771  00F5               	movwf	EEPROM_Write@data
   476  0772  120A  118A  2681  120A  118A  	fcall	_EEPROM_Write
   477                           
   478                           ;Master.c: 32:     EEPROM_Read(0x0023);
   479  0777  3023               	movlw	35
   480  0778  00F3               	movwf	EEPROM_Read@address
   481  0779  3000               	movlw	0
   482  077A  00F4               	movwf	EEPROM_Read@address+1
   483  077B  120A  118A  26F5  120A  118A  	fcall	_EEPROM_Read
   484                           
   485                           ;Master.c: 33:     EEPROM_Read(0x0028);
   486  0780  3028               	movlw	40
   487  0781  00F3               	movwf	EEPROM_Read@address
   488  0782  3000               	movlw	0
   489  0783  00F4               	movwf	EEPROM_Read@address+1
   490  0784  120A  118A  26F5  120A  118A  	fcall	_EEPROM_Read
   491                           
   492                           ;Master.c: 34:     EEPROM_Read(0x0036);
   493  0789  3036               	movlw	54
   494  078A  00F3               	movwf	EEPROM_Read@address
   495  078B  3000               	movlw	0
   496  078C  00F4               	movwf	EEPROM_Read@address+1
   497  078D  120A  118A  26F5  120A  118A  	fcall	_EEPROM_Read
   498  0792                     l11:	
   499                           ;Master.c: 36:     while(1);
   500                           
   501  0792                     l12:
   502  0792  2F92               	goto	l11
   503  0793  120A  118A  2800   	ljmp	start
   504  0796                     __end_of_main:
   505                           
   506                           	psect	text1
   507  06B1                     __ptext1:	
   508 ;; *************** function _I2C_Init *****************
   509 ;; Defined at:
   510 ;;		line 26 in file "I2C-EEPROM.c"
   511 ;; Parameters:    Size  Location     Type
   512 ;;  freq            4    0[BANK0 ] unsigned long 
   513 ;; Auto vars:     Size  Location     Type
   514 ;;		None
   515 ;; Return value:  Size  Location     Type
   516 ;;                  1    wreg      void 
   517 ;; Registers used:
   518 ;;		wreg, status,2, status,0, pclath, cstack
   519 ;; Tracked objects:
   520 ;;		On entry : 0/0
   521 ;;		On exit  : 0/0
   522 ;;		Unchanged: 0/0
   523 ;; Data sizes:     COMMON   BANK0   BANK1   BANK3   BANK2
   524 ;;      Params:         0       4       0       0       0
   525 ;;      Locals:         0       0       0       0       0
   526 ;;      Temps:          0       4       0       0       0
   527 ;;      Totals:         0       8       0       0       0
   528 ;;Total ram usage:        8 bytes
   529 ;; Hardware stack levels used: 1
   530 ;; Hardware stack levels required when called: 1
   531 ;; This function calls:
   532 ;;		___lldiv
   533 ;; This function is called by:
   534 ;;		_main
   535 ;; This function uses a non-reentrant model
   536 ;;
   537                           
   538  06B1                     _I2C_Init:	
   539                           ;psect for function _I2C_Init
   540                           
   541  06B1                     l802:	
   542                           ;incstack = 0
   543                           ; Regs used in _I2C_Init: [wreg+status,2+status,0+pclath+cstack]
   544                           
   545                           
   546                           ;I2C-EEPROM.c: 28:     TRISC = 0x18;
   547  06B1  3018               	movlw	24
   548  06B2  1683               	bsf	3,5	;RP0=1, select bank1
   549  06B3  1303               	bcf	3,6	;RP1=0, select bank1
   550  06B4  0087               	movwf	7	;volatile
   551  06B5                     l804:
   552                           
   553                           ;I2C-EEPROM.c: 29:     PORTC &= ~0xE7;
   554  06B5  3018               	movlw	24
   555  06B6  1283               	bcf	3,5	;RP0=0, select bank0
   556  06B7  1303               	bcf	3,6	;RP1=0, select bank0
   557  06B8  00A4               	movwf	??_I2C_Init
   558  06B9  0824               	movf	??_I2C_Init,w
   559  06BA  0587               	andwf	7,f	;volatile
   560  06BB                     l806:
   561                           
   562                           ;I2C-EEPROM.c: 30:     TRISD = 0x00;
   563  06BB  1683               	bsf	3,5	;RP0=1, select bank1
   564  06BC  1303               	bcf	3,6	;RP1=0, select bank1
   565  06BD  0188               	clrf	8	;volatile
   566  06BE                     l808:
   567                           
   568                           ;I2C-EEPROM.c: 31:     PORTD = 0x00;
   569  06BE  1283               	bcf	3,5	;RP0=0, select bank0
   570  06BF  1303               	bcf	3,6	;RP1=0, select bank0
   571  06C0  0188               	clrf	8	;volatile
   572  06C1                     l810:
   573                           
   574                           ;I2C-EEPROM.c: 32:     SSPSTAT = 0x00;
   575  06C1  1683               	bsf	3,5	;RP0=1, select bank1
   576  06C2  1303               	bcf	3,6	;RP1=0, select bank1
   577  06C3  0194               	clrf	20	;volatile
   578  06C4                     l812:
   579                           
   580                           ;I2C-EEPROM.c: 33:     SSPCON2 = 0x00;
   581  06C4  0191               	clrf	17	;volatile
   582  06C5                     l814:
   583                           
   584                           ;I2C-EEPROM.c: 34:     SSPCON = 0x28;
   585  06C5  3028               	movlw	40
   586  06C6  1283               	bcf	3,5	;RP0=0, select bank0
   587  06C7  1303               	bcf	3,6	;RP1=0, select bank0
   588  06C8  0094               	movwf	20	;volatile
   589  06C9                     l816:
   590                           
   591                           ;I2C-EEPROM.c: 35:     SSPADD = (6000000/(4*freq))-1;
   592  06C9  0820               	movf	I2C_Init@freq,w
   593  06CA  00A4               	movwf	??_I2C_Init
   594  06CB  0821               	movf	I2C_Init@freq+1,w
   595  06CC  00A5               	movwf	??_I2C_Init+1
   596  06CD  0822               	movf	I2C_Init@freq+2,w
   597  06CE  00A6               	movwf	??_I2C_Init+2
   598  06CF  0823               	movf	I2C_Init@freq+3,w
   599  06D0  00A7               	movwf	??_I2C_Init+3
   600  06D1  3002               	movlw	2
   601  06D2                     u205:
   602  06D2  1003               	clrc
   603  06D3  0DA4               	rlf	??_I2C_Init,f
   604  06D4  0DA5               	rlf	??_I2C_Init+1,f
   605  06D5  0DA6               	rlf	??_I2C_Init+2,f
   606  06D6  0DA7               	rlf	??_I2C_Init+3,f
   607  06D7                     u200:
   608  06D7  3EFF               	addlw	-1
   609  06D8  1D03               	skipz
   610  06D9  2ED2               	goto	u205
   611  06DA  0827               	movf	??_I2C_Init+3,w
   612  06DB  00F3               	movwf	___lldiv@divisor+3
   613  06DC  0826               	movf	??_I2C_Init+2,w
   614  06DD  00F2               	movwf	___lldiv@divisor+2
   615  06DE  0825               	movf	??_I2C_Init+1,w
   616  06DF  00F1               	movwf	___lldiv@divisor+1
   617  06E0  0824               	movf	??_I2C_Init,w
   618  06E1  00F0               	movwf	___lldiv@divisor
   619  06E2  3000               	movlw	0
   620  06E3  00F7               	movwf	___lldiv@dividend+3
   621  06E4  305B               	movlw	91
   622  06E5  00F6               	movwf	___lldiv@dividend+2
   623  06E6  308D               	movlw	141
   624  06E7  00F5               	movwf	___lldiv@dividend+1
   625  06E8  3080               	movlw	128
   626  06E9  00F4               	movwf	___lldiv@dividend
   627  06EA  120A  118A  2796  120A  118A  	fcall	___lldiv
   628  06EF  0870               	movf	?___lldiv,w
   629  06F0  3EFF               	addlw	255
   630  06F1  1683               	bsf	3,5	;RP0=1, select bank1
   631  06F2  1303               	bcf	3,6	;RP1=0, select bank1
   632  06F3  0093               	movwf	19	;volatile
   633  06F4                     l41:
   634  06F4  0008               	return
   635  06F5                     __end_of_I2C_Init:
   636                           
   637                           	psect	text2
   638  0796                     __ptext2:	
   639 ;; *************** function ___lldiv *****************
   640 ;; Defined at:
   641 ;;		line 5 in file "C:\Program Files\Microchip\xc8\v2.36\pic\sources\c90\common\__lldiv.c"
   642 ;; Parameters:    Size  Location     Type
   643 ;;  divisor         4    0[COMMON] unsigned long 
   644 ;;  dividend        4    4[COMMON] unsigned long 
   645 ;; Auto vars:     Size  Location     Type
   646 ;;  quotient        4    9[COMMON] unsigned long 
   647 ;;  counter         1   13[COMMON] unsigned char 
   648 ;; Return value:  Size  Location     Type
   649 ;;                  4    0[COMMON] unsigned long 
   650 ;; Registers used:
   651 ;;		wreg, status,2, status,0
   652 ;; Tracked objects:
   653 ;;		On entry : 0/0
   654 ;;		On exit  : 0/0
   655 ;;		Unchanged: 0/0
   656 ;; Data sizes:     COMMON   BANK0   BANK1   BANK3   BANK2
   657 ;;      Params:         8       0       0       0       0
   658 ;;      Locals:         5       0       0       0       0
   659 ;;      Temps:          1       0       0       0       0
   660 ;;      Totals:        14       0       0       0       0
   661 ;;Total ram usage:       14 bytes
   662 ;; Hardware stack levels used: 1
   663 ;; This function calls:
   664 ;;		Nothing
   665 ;; This function is called by:
   666 ;;		_I2C_Init
   667 ;; This function uses a non-reentrant model
   668 ;;
   669                           
   670  0796                     ___lldiv:	
   671                           ;psect for function ___lldiv
   672                           
   673  0796                     l778:	
   674                           ;incstack = 0
   675                           ; Regs used in ___lldiv: [wreg+status,2+status,0]
   676                           
   677  0796  3000               	movlw	0
   678  0797  00FC               	movwf	___lldiv@quotient+3
   679  0798  3000               	movlw	0
   680  0799  00FB               	movwf	___lldiv@quotient+2
   681  079A  3000               	movlw	0
   682  079B  00FA               	movwf	___lldiv@quotient+1
   683  079C  3000               	movlw	0
   684  079D  00F9               	movwf	___lldiv@quotient
   685  079E  0873               	movf	___lldiv@divisor+3,w
   686  079F  0472               	iorwf	___lldiv@divisor+2,w
   687  07A0  0471               	iorwf	___lldiv@divisor+1,w
   688  07A1  0470               	iorwf	___lldiv@divisor,w
   689  07A2  1903               	skipnz
   690  07A3  2FA5               	goto	u131
   691  07A4  2FA6               	goto	u130
   692  07A5                     u131:
   693  07A5  2FF3               	goto	l798
   694  07A6                     u130:
   695  07A6                     l780:
   696  07A6  01FD               	clrf	___lldiv@counter
   697  07A7  0AFD               	incf	___lldiv@counter,f
   698  07A8  2FB6               	goto	l784
   699  07A9                     l782:
   700  07A9  3001               	movlw	1
   701  07AA  00F8               	movwf	??___lldiv
   702  07AB                     u145:
   703  07AB  1003               	clrc
   704  07AC  0DF0               	rlf	___lldiv@divisor,f
   705  07AD  0DF1               	rlf	___lldiv@divisor+1,f
   706  07AE  0DF2               	rlf	___lldiv@divisor+2,f
   707  07AF  0DF3               	rlf	___lldiv@divisor+3,f
   708  07B0  0BF8               	decfsz	??___lldiv,f
   709  07B1  2FAB               	goto	u145
   710  07B2  3001               	movlw	1
   711  07B3  00F8               	movwf	??___lldiv
   712  07B4  0878               	movf	??___lldiv,w
   713  07B5  07FD               	addwf	___lldiv@counter,f
   714  07B6                     l784:
   715  07B6  1FF3               	btfss	___lldiv@divisor+3,7
   716  07B7  2FB9               	goto	u151
   717  07B8  2FBA               	goto	u150
   718  07B9                     u151:
   719  07B9  2FA9               	goto	l782
   720  07BA                     u150:
   721  07BA                     l786:
   722  07BA  3001               	movlw	1
   723  07BB  00F8               	movwf	??___lldiv
   724  07BC                     u165:
   725  07BC  1003               	clrc
   726  07BD  0DF9               	rlf	___lldiv@quotient,f
   727  07BE  0DFA               	rlf	___lldiv@quotient+1,f
   728  07BF  0DFB               	rlf	___lldiv@quotient+2,f
   729  07C0  0DFC               	rlf	___lldiv@quotient+3,f
   730  07C1  0BF8               	decfsz	??___lldiv,f
   731  07C2  2FBC               	goto	u165
   732  07C3                     l788:
   733  07C3  0873               	movf	___lldiv@divisor+3,w
   734  07C4  0277               	subwf	___lldiv@dividend+3,w
   735  07C5  1D03               	skipz
   736  07C6  2FD1               	goto	u175
   737  07C7  0872               	movf	___lldiv@divisor+2,w
   738  07C8  0276               	subwf	___lldiv@dividend+2,w
   739  07C9  1D03               	skipz
   740  07CA  2FD1               	goto	u175
   741  07CB  0871               	movf	___lldiv@divisor+1,w
   742  07CC  0275               	subwf	___lldiv@dividend+1,w
   743  07CD  1D03               	skipz
   744  07CE  2FD1               	goto	u175
   745  07CF  0870               	movf	___lldiv@divisor,w
   746  07D0  0274               	subwf	___lldiv@dividend,w
   747  07D1                     u175:
   748  07D1  1C03               	skipc
   749  07D2  2FD4               	goto	u171
   750  07D3  2FD5               	goto	u170
   751  07D4                     u171:
   752  07D4  2FE4               	goto	l794
   753  07D5                     u170:
   754  07D5                     l790:
   755  07D5  0870               	movf	___lldiv@divisor,w
   756  07D6  02F4               	subwf	___lldiv@dividend,f
   757  07D7  0871               	movf	___lldiv@divisor+1,w
   758  07D8  1C03               	skipc
   759  07D9  0F71               	incfsz	___lldiv@divisor+1,w
   760  07DA  02F5               	subwf	___lldiv@dividend+1,f
   761  07DB  0872               	movf	___lldiv@divisor+2,w
   762  07DC  1C03               	skipc
   763  07DD  0F72               	incfsz	___lldiv@divisor+2,w
   764  07DE  02F6               	subwf	___lldiv@dividend+2,f
   765  07DF  0873               	movf	___lldiv@divisor+3,w
   766  07E0  1C03               	skipc
   767  07E1  0F73               	incfsz	___lldiv@divisor+3,w
   768  07E2  02F7               	subwf	___lldiv@dividend+3,f
   769  07E3                     l792:
   770  07E3  1479               	bsf	___lldiv@quotient,0
   771  07E4                     l794:
   772  07E4  3001               	movlw	1
   773  07E5                     u185:
   774  07E5  1003               	clrc
   775  07E6  0CF3               	rrf	___lldiv@divisor+3,f
   776  07E7  0CF2               	rrf	___lldiv@divisor+2,f
   777  07E8  0CF1               	rrf	___lldiv@divisor+1,f
   778  07E9  0CF0               	rrf	___lldiv@divisor,f
   779  07EA  3EFF               	addlw	-1
   780  07EB  1D03               	skipz
   781  07EC  2FE5               	goto	u185
   782  07ED                     l796:
   783  07ED  3001               	movlw	1
   784  07EE  02FD               	subwf	___lldiv@counter,f
   785  07EF  1D03               	btfss	3,2
   786  07F0  2FF2               	goto	u191
   787  07F1  2FF3               	goto	u190
   788  07F2                     u191:
   789  07F2  2FBA               	goto	l786
   790  07F3                     u190:
   791  07F3                     l798:
   792  07F3  087C               	movf	___lldiv@quotient+3,w
   793  07F4  00F3               	movwf	?___lldiv+3
   794  07F5  087B               	movf	___lldiv@quotient+2,w
   795  07F6  00F2               	movwf	?___lldiv+2
   796  07F7  087A               	movf	___lldiv@quotient+1,w
   797  07F8  00F1               	movwf	?___lldiv+1
   798  07F9  0879               	movf	___lldiv@quotient,w
   799  07FA  00F0               	movwf	?___lldiv
   800  07FB                     l202:
   801  07FB  0008               	return
   802  07FC                     __end_of___lldiv:
   803                           
   804                           	psect	text3
   805  0681                     __ptext3:	
   806 ;; *************** function _EEPROM_Write *****************
   807 ;; Defined at:
   808 ;;		line 98 in file "I2C-EEPROM.c"
   809 ;; Parameters:    Size  Location     Type
   810 ;;  address         2    3[COMMON] unsigned int 
   811 ;;  data            1    5[COMMON] unsigned char 
   812 ;; Auto vars:     Size  Location     Type
   813 ;;		None
   814 ;; Return value:  Size  Location     Type
   815 ;;                  1    wreg      void 
   816 ;; Registers used:
   817 ;;		wreg, status,2, status,0, pclath, cstack
   818 ;; Tracked objects:
   819 ;;		On entry : 0/0
   820 ;;		On exit  : 0/0
   821 ;;		Unchanged: 0/0
   822 ;; Data sizes:     COMMON   BANK0   BANK1   BANK3   BANK2
   823 ;;      Params:         3       0       0       0       0
   824 ;;      Locals:         0       0       0       0       0
   825 ;;      Temps:          3       0       0       0       0
   826 ;;      Totals:         6       0       0       0       0
   827 ;;Total ram usage:        6 bytes
   828 ;; Hardware stack levels used: 1
   829 ;; Hardware stack levels required when called: 2
   830 ;; This function calls:
   831 ;;		_I2C_Start
   832 ;;		_I2C_Stop
   833 ;;		_I2C_Write
   834 ;; This function is called by:
   835 ;;		_main
   836 ;; This function uses a non-reentrant model
   837 ;;
   838                           
   839  0681                     _EEPROM_Write:	
   840                           ;psect for function _EEPROM_Write
   841                           
   842  0681                     l818:	
   843                           ;incstack = 0
   844                           ; Regs used in _EEPROM_Write: [wreg+status,2+status,0+pclath+cstack]
   845                           
   846                           
   847                           ;I2C-EEPROM.c: 100:     I2C_Start();
   848  0681  120A  118A  261B  120A  118A  	fcall	_I2C_Start
   849                           
   850                           ;I2C-EEPROM.c: 101:     I2C_Write(0xA0);
   851  0686  30A0               	movlw	160
   852  0687  120A  118A  2646  120A  118A  	fcall	_I2C_Write
   853                           
   854                           ;I2C-EEPROM.c: 102:     I2C_Write(address>>8);
   855  068C  0874               	movf	EEPROM_Write@address+1,w
   856  068D  120A  118A  2646  120A  118A  	fcall	_I2C_Write
   857                           
   858                           ;I2C-EEPROM.c: 103:     I2C_Write((unsigned char)address);
   859  0692  0873               	movf	EEPROM_Write@address,w
   860  0693  120A  118A  2646  120A  118A  	fcall	_I2C_Write
   861                           
   862                           ;I2C-EEPROM.c: 104:     I2C_Write(data);
   863  0698  0875               	movf	EEPROM_Write@data,w
   864  0699  120A  118A  2646  120A  118A  	fcall	_I2C_Write
   865                           
   866                           ;I2C-EEPROM.c: 105:     I2C_Stop();
   867  069E  120A  118A  2624  120A  118A  	fcall	_I2C_Stop
   868  06A3                     l820:
   869                           
   870                           ;I2C-EEPROM.c: 106:     _delay((unsigned long)((1000)*(6000000/4000.0)));
   871  06A3  3008               	movlw	8
   872  06A4  00F8               	movwf	??_EEPROM_Write+2
   873  06A5  309D               	movlw	157
   874  06A6  00F7               	movwf	??_EEPROM_Write+1
   875  06A7  3005               	movlw	5
   876  06A8  00F6               	movwf	??_EEPROM_Write
   877  06A9                     u217:
   878  06A9  0BF6               	decfsz	??_EEPROM_Write,f
   879  06AA  2EA9               	goto	u217
   880  06AB  0BF7               	decfsz	??_EEPROM_Write+1,f
   881  06AC  2EA9               	goto	u217
   882  06AD  0BF8               	decfsz	??_EEPROM_Write+2,f
   883  06AE  2EA9               	goto	u217
   884  06AF  2EB0               	nop2
   885  06B0                     l77:
   886  06B0  0008               	return
   887  06B1                     __end_of_EEPROM_Write:
   888                           
   889                           	psect	text4
   890  06F5                     __ptext4:	
   891 ;; *************** function _EEPROM_Read *****************
   892 ;; Defined at:
   893 ;;		line 109 in file "I2C-EEPROM.c"
   894 ;; Parameters:    Size  Location     Type
   895 ;;  address         2    3[COMMON] unsigned int 
   896 ;; Auto vars:     Size  Location     Type
   897 ;;  data            1    8[COMMON] unsigned char 
   898 ;; Return value:  Size  Location     Type
   899 ;;                  1    wreg      void 
   900 ;; Registers used:
   901 ;;		wreg, status,2, status,0, pclath, cstack
   902 ;; Tracked objects:
   903 ;;		On entry : 0/0
   904 ;;		On exit  : 0/0
   905 ;;		Unchanged: 0/0
   906 ;; Data sizes:     COMMON   BANK0   BANK1   BANK3   BANK2
   907 ;;      Params:         2       0       0       0       0
   908 ;;      Locals:         1       0       0       0       0
   909 ;;      Temps:          3       0       0       0       0
   910 ;;      Totals:         6       0       0       0       0
   911 ;;Total ram usage:        6 bytes
   912 ;; Hardware stack levels used: 1
   913 ;; Hardware stack levels required when called: 2
   914 ;; This function calls:
   915 ;;		_I2C_Nack
   916 ;;		_I2C_Read
   917 ;;		_I2C_Repeatedstart
   918 ;;		_I2C_Start
   919 ;;		_I2C_Stop
   920 ;;		_I2C_Write
   921 ;; This function is called by:
   922 ;;		_main
   923 ;; This function uses a non-reentrant model
   924 ;;
   925                           
   926  06F5                     _EEPROM_Read:	
   927                           ;psect for function _EEPROM_Read
   928                           
   929  06F5                     l822:	
   930                           ;incstack = 0
   931                           ; Regs used in _EEPROM_Read: [wreg+status,2+status,0+pclath+cstack]
   932                           
   933                           
   934                           ;I2C-EEPROM.c: 111:     I2C_Start();
   935  06F5  120A  118A  261B  120A  118A  	fcall	_I2C_Start
   936                           
   937                           ;I2C-EEPROM.c: 112:     I2C_Write(0xA0);
   938  06FA  30A0               	movlw	160
   939  06FB  120A  118A  2646  120A  118A  	fcall	_I2C_Write
   940                           
   941                           ;I2C-EEPROM.c: 113:     I2C_Write(address>>8);
   942  0700  0874               	movf	EEPROM_Read@address+1,w
   943  0701  120A  118A  2646  120A  118A  	fcall	_I2C_Write
   944                           
   945                           ;I2C-EEPROM.c: 114:     I2C_Write((unsigned char)address);
   946  0706  0873               	movf	EEPROM_Read@address,w
   947  0707  120A  118A  2646  120A  118A  	fcall	_I2C_Write
   948                           
   949                           ;I2C-EEPROM.c: 115:     I2C_Repeatedstart();
   950  070C  120A  118A  2612  120A  118A  	fcall	_I2C_Repeatedstart
   951                           
   952                           ;I2C-EEPROM.c: 116:     I2C_Write(0xA1);
   953  0711  30A1               	movlw	161
   954  0712  120A  118A  2646  120A  118A  	fcall	_I2C_Write
   955                           
   956                           ;I2C-EEPROM.c: 117:     unsigned char data = I2C_Read();
   957  0717  120A  118A  2660  120A  118A  	fcall	_I2C_Read
   958  071C  00F5               	movwf	??_EEPROM_Read
   959  071D  0875               	movf	??_EEPROM_Read,w
   960  071E  00F8               	movwf	EEPROM_Read@data
   961                           
   962                           ;I2C-EEPROM.c: 118:     I2C_Nack();
   963  071F  120A  118A  262D  120A  118A  	fcall	_I2C_Nack
   964                           
   965                           ;I2C-EEPROM.c: 119:     I2C_Stop();
   966  0724  120A  118A  2624  120A  118A  	fcall	_I2C_Stop
   967  0729                     l824:
   968                           
   969                           ;I2C-EEPROM.c: 120:     PORTD = data;
   970  0729  0878               	movf	EEPROM_Read@data,w
   971  072A  1283               	bcf	3,5	;RP0=0, select bank0
   972  072B  1303               	bcf	3,6	;RP1=0, select bank0
   973  072C  0088               	movwf	8	;volatile
   974  072D                     l826:
   975                           
   976                           ;I2C-EEPROM.c: 121:     _delay((unsigned long)((1000)*(6000000/4000.0)));
   977  072D  3008               	movlw	8
   978  072E  00F7               	movwf	??_EEPROM_Read+2
   979  072F  309D               	movlw	157
   980  0730  00F6               	movwf	??_EEPROM_Read+1
   981  0731  3005               	movlw	5
   982  0732  00F5               	movwf	??_EEPROM_Read
   983  0733                     u227:
   984  0733  0BF5               	decfsz	??_EEPROM_Read,f
   985  0734  2F33               	goto	u227
   986  0735  0BF6               	decfsz	??_EEPROM_Read+1,f
   987  0736  2F33               	goto	u227
   988  0737  0BF7               	decfsz	??_EEPROM_Read+2,f
   989  0738  2F33               	goto	u227
   990  0739  2F3A               	nop2
   991  073A                     l80:
   992  073A  0008               	return
   993  073B                     __end_of_EEPROM_Read:
   994                           
   995                           	psect	text5
   996  0646                     __ptext5:	
   997 ;; *************** function _I2C_Write *****************
   998 ;; Defined at:
   999 ;;		line 76 in file "I2C-EEPROM.c"
  1000 ;; Parameters:    Size  Location     Type
  1001 ;;  data            1    wreg     unsigned char 
  1002 ;; Auto vars:     Size  Location     Type
  1003 ;;  data            1    2[COMMON] unsigned char 
  1004 ;; Return value:  Size  Location     Type
  1005 ;;                  1    wreg      unsigned char 
  1006 ;; Registers used:
  1007 ;;		wreg, status,2, status,0, pclath, cstack
  1008 ;; Tracked objects:
  1009 ;;		On entry : 0/0
  1010 ;;		On exit  : 0/0
  1011 ;;		Unchanged: 0/0
  1012 ;; Data sizes:     COMMON   BANK0   BANK1   BANK3   BANK2
  1013 ;;      Params:         0       0       0       0       0
  1014 ;;      Locals:         1       0       0       0       0
  1015 ;;      Temps:          2       0       0       0       0
  1016 ;;      Totals:         3       0       0       0       0
  1017 ;;Total ram usage:        3 bytes
  1018 ;; Hardware stack levels used: 1
  1019 ;; Hardware stack levels required when called: 1
  1020 ;; This function calls:
  1021 ;;		_I2C_Wait
  1022 ;; This function is called by:
  1023 ;;		_EEPROM_Write
  1024 ;;		_EEPROM_Read
  1025 ;; This function uses a non-reentrant model
  1026 ;;
  1027                           
  1028  0646                     _I2C_Write:	
  1029                           ;psect for function _I2C_Write
  1030                           
  1031                           
  1032                           ;incstack = 0
  1033                           ; Regs used in _I2C_Write: [wreg+status,2+status,0+pclath+cstack]
  1034                           ;I2C_Write@data stored from wreg
  1035  0646  00F2               	movwf	I2C_Write@data
  1036  0647                     l694:
  1037                           
  1038                           ;I2C-EEPROM.c: 78:     I2C_Wait();
  1039  0647  120A  118A  2639  120A  118A  	fcall	_I2C_Wait
  1040  064C                     l696:
  1041                           
  1042                           ;I2C-EEPROM.c: 79:     SSPBUF = data;
  1043  064C  0872               	movf	I2C_Write@data,w
  1044  064D  1283               	bcf	3,5	;RP0=0, select bank0
  1045  064E  1303               	bcf	3,6	;RP1=0, select bank0
  1046  064F  0093               	movwf	19	;volatile
  1047  0650                     l698:	
  1048                           ;I2C-EEPROM.c: 80:     while(!(PIR1|0x08));
  1049                           
  1050  0650  3008               	movlw	8
  1051  0651  040C               	iorwf	12,w	;volatile
  1052  0652  00F0               	movwf	??_I2C_Write
  1053  0653  3000               	movlw	0
  1054  0654  00F1               	movwf	??_I2C_Write+1
  1055  0655  0870               	movf	??_I2C_Write,w
  1056  0656  0471               	iorwf	??_I2C_Write+1,w
  1057  0657  1903               	btfsc	3,2
  1058  0658  2E5A               	goto	u31
  1059  0659  2E5B               	goto	u30
  1060  065A                     u31:
  1061  065A  2E50               	goto	l698
  1062  065B                     u30:
  1063  065B                     l700:
  1064                           
  1065                           ;I2C-EEPROM.c: 81:     PIR1 &= ~0x08;
  1066  065B  30F7               	movlw	247
  1067  065C  00F0               	movwf	??_I2C_Write
  1068  065D  0870               	movf	??_I2C_Write,w
  1069  065E  058C               	andwf	12,f	;volatile
  1070  065F                     l702:
  1071  065F                     l68:	
  1072                           ;I2C-EEPROM.c: 82:     return ACKSTAT;;	Return value of _I2C_Write is never used
  1073                           
  1074  065F  0008               	return
  1075  0660                     __end_of_I2C_Write:
  1076                           
  1077                           	psect	text6
  1078  0624                     __ptext6:	
  1079 ;; *************** function _I2C_Stop *****************
  1080 ;; Defined at:
  1081 ;;		line 56 in file "I2C-EEPROM.c"
  1082 ;; Parameters:    Size  Location     Type
  1083 ;;		None
  1084 ;; Auto vars:     Size  Location     Type
  1085 ;;		None
  1086 ;; Return value:  Size  Location     Type
  1087 ;;                  1    wreg      void 
  1088 ;; Registers used:
  1089 ;;		wreg, status,2, status,0, pclath, cstack
  1090 ;; Tracked objects:
  1091 ;;		On entry : 0/0
  1092 ;;		On exit  : 0/0
  1093 ;;		Unchanged: 0/0
  1094 ;; Data sizes:     COMMON   BANK0   BANK1   BANK3   BANK2
  1095 ;;      Params:         0       0       0       0       0
  1096 ;;      Locals:         0       0       0       0       0
  1097 ;;      Temps:          0       0       0       0       0
  1098 ;;      Totals:         0       0       0       0       0
  1099 ;;Total ram usage:        0 bytes
  1100 ;; Hardware stack levels used: 1
  1101 ;; Hardware stack levels required when called: 1
  1102 ;; This function calls:
  1103 ;;		_I2C_Wait
  1104 ;; This function is called by:
  1105 ;;		_EEPROM_Write
  1106 ;;		_EEPROM_Read
  1107 ;; This function uses a non-reentrant model
  1108 ;;
  1109                           
  1110  0624                     _I2C_Stop:	
  1111                           ;psect for function _I2C_Stop
  1112                           
  1113  0624                     l684:	
  1114                           ;incstack = 0
  1115                           ; Regs used in _I2C_Stop: [wreg+status,2+status,0+pclath+cstack]
  1116                           
  1117                           
  1118                           ;I2C-EEPROM.c: 58:     I2C_Wait();
  1119  0624  120A  118A  2639  120A  118A  	fcall	_I2C_Wait
  1120  0629                     l686:
  1121                           
  1122                           ;I2C-EEPROM.c: 59:     SSPCON2 |= 0x04;
  1123  0629  1683               	bsf	3,5	;RP0=1, select bank1
  1124  062A  1303               	bcf	3,6	;RP1=0, select bank1
  1125  062B  1511               	bsf	17,2	;volatile
  1126  062C                     l56:
  1127  062C  0008               	return
  1128  062D                     __end_of_I2C_Stop:
  1129                           
  1130                           	psect	text7
  1131  061B                     __ptext7:	
  1132 ;; *************** function _I2C_Start *****************
  1133 ;; Defined at:
  1134 ;;		line 44 in file "I2C-EEPROM.c"
  1135 ;; Parameters:    Size  Location     Type
  1136 ;;		None
  1137 ;; Auto vars:     Size  Location     Type
  1138 ;;		None
  1139 ;; Return value:  Size  Location     Type
  1140 ;;                  1    wreg      void 
  1141 ;; Registers used:
  1142 ;;		wreg, status,2, status,0, pclath, cstack
  1143 ;; Tracked objects:
  1144 ;;		On entry : 0/0
  1145 ;;		On exit  : 0/0
  1146 ;;		Unchanged: 0/0
  1147 ;; Data sizes:     COMMON   BANK0   BANK1   BANK3   BANK2
  1148 ;;      Params:         0       0       0       0       0
  1149 ;;      Locals:         0       0       0       0       0
  1150 ;;      Temps:          0       0       0       0       0
  1151 ;;      Totals:         0       0       0       0       0
  1152 ;;Total ram usage:        0 bytes
  1153 ;; Hardware stack levels used: 1
  1154 ;; Hardware stack levels required when called: 1
  1155 ;; This function calls:
  1156 ;;		_I2C_Wait
  1157 ;; This function is called by:
  1158 ;;		_EEPROM_Write
  1159 ;;		_EEPROM_Read
  1160 ;; This function uses a non-reentrant model
  1161 ;;
  1162                           
  1163  061B                     _I2C_Start:	
  1164                           ;psect for function _I2C_Start
  1165                           
  1166  061B                     l676:	
  1167                           ;incstack = 0
  1168                           ; Regs used in _I2C_Start: [wreg+status,2+status,0+pclath+cstack]
  1169                           
  1170                           
  1171                           ;I2C-EEPROM.c: 46:     I2C_Wait();
  1172  061B  120A  118A  2639  120A  118A  	fcall	_I2C_Wait
  1173  0620                     l678:
  1174                           
  1175                           ;I2C-EEPROM.c: 47:     SSPCON2 |= 0x01;
  1176  0620  1683               	bsf	3,5	;RP0=1, select bank1
  1177  0621  1303               	bcf	3,6	;RP1=0, select bank1
  1178  0622  1411               	bsf	17,0	;volatile
  1179  0623                     l50:
  1180  0623  0008               	return
  1181  0624                     __end_of_I2C_Start:
  1182                           
  1183                           	psect	text8
  1184  0612                     __ptext8:	
  1185 ;; *************** function _I2C_Repeatedstart *****************
  1186 ;; Defined at:
  1187 ;;		line 50 in file "I2C-EEPROM.c"
  1188 ;; Parameters:    Size  Location     Type
  1189 ;;		None
  1190 ;; Auto vars:     Size  Location     Type
  1191 ;;		None
  1192 ;; Return value:  Size  Location     Type
  1193 ;;                  1    wreg      void 
  1194 ;; Registers used:
  1195 ;;		wreg, status,2, status,0, pclath, cstack
  1196 ;; Tracked objects:
  1197 ;;		On entry : 0/0
  1198 ;;		On exit  : 0/0
  1199 ;;		Unchanged: 0/0
  1200 ;; Data sizes:     COMMON   BANK0   BANK1   BANK3   BANK2
  1201 ;;      Params:         0       0       0       0       0
  1202 ;;      Locals:         0       0       0       0       0
  1203 ;;      Temps:          0       0       0       0       0
  1204 ;;      Totals:         0       0       0       0       0
  1205 ;;Total ram usage:        0 bytes
  1206 ;; Hardware stack levels used: 1
  1207 ;; Hardware stack levels required when called: 1
  1208 ;; This function calls:
  1209 ;;		_I2C_Wait
  1210 ;; This function is called by:
  1211 ;;		_EEPROM_Read
  1212 ;; This function uses a non-reentrant model
  1213 ;;
  1214                           
  1215  0612                     _I2C_Repeatedstart:	
  1216                           ;psect for function _I2C_Repeatedstart
  1217                           
  1218  0612                     l680:	
  1219                           ;incstack = 0
  1220                           ; Regs used in _I2C_Repeatedstart: [wreg+status,2+status,0+pclath+cstack]
  1221                           
  1222                           
  1223                           ;I2C-EEPROM.c: 52:     I2C_Wait();
  1224  0612  120A  118A  2639  120A  118A  	fcall	_I2C_Wait
  1225  0617                     l682:
  1226                           
  1227                           ;I2C-EEPROM.c: 53:     SSPCON2 |= 0x02;
  1228  0617  1683               	bsf	3,5	;RP0=1, select bank1
  1229  0618  1303               	bcf	3,6	;RP1=0, select bank1
  1230  0619  1491               	bsf	17,1	;volatile
  1231  061A                     l53:
  1232  061A  0008               	return
  1233  061B                     __end_of_I2C_Repeatedstart:
  1234                           
  1235                           	psect	text9
  1236  0660                     __ptext9:	
  1237 ;; *************** function _I2C_Read *****************
  1238 ;; Defined at:
  1239 ;;		line 85 in file "I2C-EEPROM.c"
  1240 ;; Parameters:    Size  Location     Type
  1241 ;;		None
  1242 ;; Auto vars:     Size  Location     Type
  1243 ;;		None
  1244 ;; Return value:  Size  Location     Type
  1245 ;;                  1    wreg      unsigned char 
  1246 ;; Registers used:
  1247 ;;		wreg, status,2, status,0, pclath, cstack
  1248 ;; Tracked objects:
  1249 ;;		On entry : 0/0
  1250 ;;		On exit  : 0/0
  1251 ;;		Unchanged: 0/0
  1252 ;; Data sizes:     COMMON   BANK0   BANK1   BANK3   BANK2
  1253 ;;      Params:         0       0       0       0       0
  1254 ;;      Locals:         0       0       0       0       0
  1255 ;;      Temps:          2       0       0       0       0
  1256 ;;      Totals:         2       0       0       0       0
  1257 ;;Total ram usage:        2 bytes
  1258 ;; Hardware stack levels used: 1
  1259 ;; Hardware stack levels required when called: 1
  1260 ;; This function calls:
  1261 ;;		_I2C_Wait
  1262 ;; This function is called by:
  1263 ;;		_EEPROM_Read
  1264 ;; This function uses a non-reentrant model
  1265 ;;
  1266                           
  1267  0660                     _I2C_Read:	
  1268                           ;psect for function _I2C_Read
  1269                           
  1270  0660                     l706:	
  1271                           ;incstack = 0
  1272                           ; Regs used in _I2C_Read: [wreg+status,2+status,0+pclath+cstack]
  1273                           
  1274                           
  1275                           ;I2C-EEPROM.c: 87:     I2C_Wait();
  1276  0660  120A  118A  2639  120A  118A  	fcall	_I2C_Wait
  1277  0665                     l708:
  1278                           
  1279                           ;I2C-EEPROM.c: 88:     SSPCON2 |= 0x08;
  1280  0665  1683               	bsf	3,5	;RP0=1, select bank1
  1281  0666  1303               	bcf	3,6	;RP1=0, select bank1
  1282  0667  1591               	bsf	17,3	;volatile
  1283  0668                     l710:	
  1284                           ;I2C-EEPROM.c: 89:     while(!(PIR1|0x08));
  1285                           
  1286  0668  3008               	movlw	8
  1287  0669  1283               	bcf	3,5	;RP0=0, select bank0
  1288  066A  040C               	iorwf	12,w	;volatile
  1289  066B  00F0               	movwf	??_I2C_Read
  1290  066C  3000               	movlw	0
  1291  066D  00F1               	movwf	??_I2C_Read+1
  1292  066E  0870               	movf	??_I2C_Read,w
  1293  066F  0471               	iorwf	??_I2C_Read+1,w
  1294  0670  1903               	btfsc	3,2
  1295  0671  2E73               	goto	u41
  1296  0672  2E74               	goto	u40
  1297  0673                     u41:
  1298  0673  2E68               	goto	l710
  1299  0674                     u40:
  1300  0674                     l712:
  1301                           
  1302                           ;I2C-EEPROM.c: 90:     PIR1 &= ~0x08;
  1303  0674  30F7               	movlw	247
  1304  0675  00F0               	movwf	??_I2C_Read
  1305  0676  0870               	movf	??_I2C_Read,w
  1306  0677  058C               	andwf	12,f	;volatile
  1307  0678                     l714:
  1308                           
  1309                           ;I2C-EEPROM.c: 91:     I2C_Wait();
  1310  0678  120A  118A  2639  120A  118A  	fcall	_I2C_Wait
  1311  067D                     l716:
  1312                           
  1313                           ;I2C-EEPROM.c: 92:     return SSPBUF;
  1314  067D  1283               	bcf	3,5	;RP0=0, select bank0
  1315  067E  1303               	bcf	3,6	;RP1=0, select bank0
  1316  067F  0813               	movf	19,w	;volatile
  1317  0680                     l74:
  1318  0680  0008               	return
  1319  0681                     __end_of_I2C_Read:
  1320                           
  1321                           	psect	text10
  1322  062D                     __ptext10:	
  1323 ;; *************** function _I2C_Nack *****************
  1324 ;; Defined at:
  1325 ;;		line 69 in file "I2C-EEPROM.c"
  1326 ;; Parameters:    Size  Location     Type
  1327 ;;		None
  1328 ;; Auto vars:     Size  Location     Type
  1329 ;;		None
  1330 ;; Return value:  Size  Location     Type
  1331 ;;                  1    wreg      void 
  1332 ;; Registers used:
  1333 ;;		wreg, status,2, status,0, pclath, cstack
  1334 ;; Tracked objects:
  1335 ;;		On entry : 0/0
  1336 ;;		On exit  : 0/0
  1337 ;;		Unchanged: 0/0
  1338 ;; Data sizes:     COMMON   BANK0   BANK1   BANK3   BANK2
  1339 ;;      Params:         0       0       0       0       0
  1340 ;;      Locals:         0       0       0       0       0
  1341 ;;      Temps:          0       0       0       0       0
  1342 ;;      Totals:         0       0       0       0       0
  1343 ;;Total ram usage:        0 bytes
  1344 ;; Hardware stack levels used: 1
  1345 ;; Hardware stack levels required when called: 1
  1346 ;; This function calls:
  1347 ;;		_I2C_Wait
  1348 ;; This function is called by:
  1349 ;;		_EEPROM_Read
  1350 ;; This function uses a non-reentrant model
  1351 ;;
  1352                           
  1353  062D                     _I2C_Nack:	
  1354                           ;psect for function _I2C_Nack
  1355                           
  1356  062D                     l688:	
  1357                           ;incstack = 0
  1358                           ; Regs used in _I2C_Nack: [wreg+status,2+status,0+pclath+cstack]
  1359                           
  1360                           
  1361                           ;I2C-EEPROM.c: 71:     SSPCON2 |= 0x20;
  1362  062D  1683               	bsf	3,5	;RP0=1, select bank1
  1363  062E  1303               	bcf	3,6	;RP1=0, select bank1
  1364  062F  1691               	bsf	17,5	;volatile
  1365  0630                     l690:
  1366                           
  1367                           ;I2C-EEPROM.c: 72:     I2C_Wait();
  1368  0630  120A  118A  2639  120A  118A  	fcall	_I2C_Wait
  1369  0635                     l692:
  1370                           
  1371                           ;I2C-EEPROM.c: 73:     SSPCON2 |= 0x10;
  1372  0635  1683               	bsf	3,5	;RP0=1, select bank1
  1373  0636  1303               	bcf	3,6	;RP1=0, select bank1
  1374  0637  1611               	bsf	17,4	;volatile
  1375  0638                     l62:
  1376  0638  0008               	return
  1377  0639                     __end_of_I2C_Nack:
  1378                           
  1379                           	psect	text11
  1380  0639                     __ptext11:	
  1381 ;; *************** function _I2C_Wait *****************
  1382 ;; Defined at:
  1383 ;;		line 39 in file "I2C-EEPROM.c"
  1384 ;; Parameters:    Size  Location     Type
  1385 ;;		None
  1386 ;; Auto vars:     Size  Location     Type
  1387 ;;		None
  1388 ;; Return value:  Size  Location     Type
  1389 ;;                  1    wreg      void 
  1390 ;; Registers used:
  1391 ;;		wreg, status,2
  1392 ;; Tracked objects:
  1393 ;;		On entry : 0/0
  1394 ;;		On exit  : 0/0
  1395 ;;		Unchanged: 0/0
  1396 ;; Data sizes:     COMMON   BANK0   BANK1   BANK3   BANK2
  1397 ;;      Params:         0       0       0       0       0
  1398 ;;      Locals:         0       0       0       0       0
  1399 ;;      Temps:          0       0       0       0       0
  1400 ;;      Totals:         0       0       0       0       0
  1401 ;;Total ram usage:        0 bytes
  1402 ;; Hardware stack levels used: 1
  1403 ;; This function calls:
  1404 ;;		Nothing
  1405 ;; This function is called by:
  1406 ;;		_I2C_Start
  1407 ;;		_I2C_Repeatedstart
  1408 ;;		_I2C_Stop
  1409 ;;		_I2C_Nack
  1410 ;;		_I2C_Write
  1411 ;;		_I2C_Read
  1412 ;;		_I2C_Ack
  1413 ;; This function uses a non-reentrant model
  1414 ;;
  1415                           
  1416  0639                     _I2C_Wait:	
  1417                           ;psect for function _I2C_Wait
  1418                           
  1419  0639                     l672:	
  1420                           ;incstack = 0
  1421                           ; Regs used in _I2C_Wait: [wreg+status,2]
  1422                           
  1423  0639                     l44:	
  1424                           ;I2C-EEPROM.c: 41:     while((SSPSTAT&(0x04))||(SSPCON2&(0x1F)));
  1425                           
  1426  0639  1683               	bsf	3,5	;RP0=1, select bank1
  1427  063A  1303               	bcf	3,6	;RP1=0, select bank1
  1428  063B  1914               	btfsc	20,2	;volatile
  1429  063C  2E3E               	goto	u11
  1430  063D  2E3F               	goto	u10
  1431  063E                     u11:
  1432  063E  2E39               	goto	l44
  1433  063F                     u10:
  1434  063F                     l674:
  1435  063F  0811               	movf	17,w	;volatile
  1436  0640  391F               	andlw	31
  1437  0641  1D03               	btfss	3,2
  1438  0642  2E44               	goto	u21
  1439  0643  2E45               	goto	u20
  1440  0644                     u21:
  1441  0644  2E39               	goto	l44
  1442  0645                     u20:
  1443  0645                     l47:
  1444  0645  0008               	return
  1445  0646                     __end_of_I2C_Wait:
  1446  007E                     btemp	set	126	;btemp
  1447  007E                     wtemp0	set	126
  1448                           
  1449                           	psect	idloc
  1450                           
  1451                           ;Config register IDLOC0 @ 0x2000
  1452                           ;	unspecified, using default values
  1453  2000                     	org	8192
  1454  2000  3FFF               	dw	16383
  1455                           
  1456                           ;Config register IDLOC1 @ 0x2001
  1457                           ;	unspecified, using default values
  1458  2001                     	org	8193
  1459  2001  3FFF               	dw	16383
  1460                           
  1461                           ;Config register IDLOC2 @ 0x2002
  1462                           ;	unspecified, using default values
  1463  2002                     	org	8194
  1464  2002  3FFF               	dw	16383
  1465                           
  1466                           ;Config register IDLOC3 @ 0x2003
  1467                           ;	unspecified, using default values
  1468  2003                     	org	8195
  1469  2003  3FFF               	dw	16383
  1470                           
  1471                           	psect	config
  1472                           
  1473                           ;Config register CONFIG @ 0x2007
  1474                           ;	Oscillator Selection bits
  1475                           ;	FOSC = EXTRC, RC oscillator
  1476                           ;	Watchdog Timer Enable bit
  1477                           ;	WDTE = OFF, WDT disabled
  1478                           ;	Power-up Timer Enable bit
  1479                           ;	PWRTE = OFF, PWRT disabled
  1480                           ;	Brown-out Reset Enable bit
  1481                           ;	BOREN = OFF, BOR disabled
  1482                           ;	Low-Voltage (Single-Supply) In-Circuit Serial Programming Enable bit
  1483                           ;	LVP = OFF, RB3 is digital I/O, HV on MCLR must be used for programming
  1484                           ;	Data EEPROM Memory Code Protection bit
  1485                           ;	CPD = OFF, Data EEPROM code protection off
  1486                           ;	Flash Program Memory Write Enable bits
  1487                           ;	WRT = OFF, Write protection off; all program memory may be written to by EECON control
  1488                           ;	In-Circuit Debugger Mode bit
  1489                           ;	DEBUG = 0x1, unprogrammed default
  1490                           ;	Flash Program Memory Code Protection bit
  1491                           ;	CP = OFF, Code protection off
  1492  2007                     	org	8199
  1493  2007  3F3B               	dw	16187

Data Sizes:
    Strings     0
    Constant    0
    Data        0
    BSS         0
    Persistent  0
    Stack       0

Auto Spaces:
    Space          Size  Autos    Used
    COMMON           14     14      14
    BANK0            80      9       9
    BANK1            80      0       0
    BANK3            96      0       0
    BANK2            96      0       0

Pointer List with Targets:

    None.

Critical Paths under _main in COMMON

    _I2C_Init->___lldiv
    _EEPROM_Write->_I2C_Write
    _EEPROM_Read->_I2C_Write

Critical Paths under _main in BANK0

    _main->_I2C_Init

Critical Paths under _main in BANK1

    None.

Critical Paths under _main in BANK3

    None.

Critical Paths under _main in BANK2

    None.

Call Graph Tables:

 ---------------------------------------------------------------------------------
 (Depth) Function   	        Calls       Base Space   Used Autos Params    Refs
 ---------------------------------------------------------------------------------
 (0) _main                                                 1     1      0    1259
                                              8 BANK0      1     1      0
                        _EEPROM_Read
                       _EEPROM_Write
                           _I2C_Init
 ---------------------------------------------------------------------------------
 (1) _I2C_Init                                             8     4      4     412
                                              0 BANK0      8     4      4
                            ___lldiv
 ---------------------------------------------------------------------------------
 (2) ___lldiv                                             14     6      8     314
                                              0 COMMON    14     6      8
 ---------------------------------------------------------------------------------
 (1) _EEPROM_Write                                         6     3      3     537
                                              3 COMMON     6     3      3
                          _I2C_Start
                           _I2C_Stop
                          _I2C_Write
 ---------------------------------------------------------------------------------
 (1) _EEPROM_Read                                          6     4      2     310
                                              3 COMMON     6     4      2
                           _I2C_Nack
                           _I2C_Read
                  _I2C_Repeatedstart
                          _I2C_Start
                           _I2C_Stop
                          _I2C_Write
 ---------------------------------------------------------------------------------
 (2) _I2C_Write                                            3     3      0      15
                                              0 COMMON     3     3      0
                           _I2C_Wait
 ---------------------------------------------------------------------------------
 (2) _I2C_Stop                                             0     0      0       0
                           _I2C_Wait
 ---------------------------------------------------------------------------------
 (2) _I2C_Start                                            0     0      0       0
                           _I2C_Wait
 ---------------------------------------------------------------------------------
 (2) _I2C_Repeatedstart                                    0     0      0       0
                           _I2C_Wait
 ---------------------------------------------------------------------------------
 (2) _I2C_Read                                             2     2      0       0
                                              0 COMMON     2     2      0
                           _I2C_Wait
 ---------------------------------------------------------------------------------
 (2) _I2C_Nack                                             0     0      0       0
                           _I2C_Wait
 ---------------------------------------------------------------------------------
 (3) _I2C_Wait                                             0     0      0       0
 ---------------------------------------------------------------------------------
 Estimated maximum stack depth 3
 ---------------------------------------------------------------------------------

 Call Graph Graphs:

 _main (ROOT)
   _EEPROM_Read
     _I2C_Nack
       _I2C_Wait
     _I2C_Read
       _I2C_Wait
     _I2C_Repeatedstart
       _I2C_Wait
     _I2C_Start
       _I2C_Wait
     _I2C_Stop
       _I2C_Wait
     _I2C_Write
       _I2C_Wait
   _EEPROM_Write
     _I2C_Start
     _I2C_Stop
     _I2C_Write
   _I2C_Init
     ___lldiv

 Address spaces:
Name               Size   Autos  Total    Cost      Usage
BITCOMMON            E      0       0       0        0.0%
EEDATA             100      0       0       0        0.0%
NULL                 0      0       0       0        0.0%
CODE                 0      0       0       0        0.0%
COMMON               E      E       E       1      100.0%
BITSFR0              0      0       0       1        0.0%
SFR0                 0      0       0       1        0.0%
BITSFR1              0      0       0       2        0.0%
SFR1                 0      0       0       2        0.0%
STACK                0      0       0       2        0.0%
ABS                  0      0       0       3        0.0%
BITBANK0            50      0       0       4        0.0%
BITSFR3              0      0       0       4        0.0%
SFR3                 0      0       0       4        0.0%
BANK0               50      9       9       5       11.2%
BITSFR2              0      0       0       5        0.0%
SFR2                 0      0       0       5        0.0%
BITBANK1            50      0       0       6        0.0%
BANK1               50      0       0       7        0.0%
BITBANK3            60      0       0       8        0.0%
BANK3               60      0       0       9        0.0%
BITBANK2            60      0       0      10        0.0%
BANK2               60      0       0      11        0.0%
DATA                 0      0       0      12        0.0%


Microchip Technology PIC Macro Assembler V2.36 build 20220127204148 
Symbol Table                                                                                   Sun Jan 15 00:17:14 2023

                       l11 0792                         l12 0792                         l41 06F4  
                       l50 0623                         l44 0639                         l53 061A  
                       l62 0638                         l47 0645                         l56 062C  
                       l80 073A                         l74 0680                         l68 065F  
                       l77 06B0                         u10 063F                         u11 063E  
                       u20 0645                         u21 0644                         u30 065B  
                       u31 065A                         u40 0674                         u41 0673  
                      l202 07FB                        l700 065B                        l710 0668  
                      l702 065F                        l712 0674                        l714 0678  
                      l706 0660                        l810 06C1                        l802 06B1  
                      l716 067D                        l708 0665                        l820 06A3  
                      l812 06C4                        l804 06B5                        l822 06F5  
                      l814 06C5                        l806 06BB                        l672 0639  
                      l680 0612                        l824 0729                        l816 06C9  
                      l808 06BE                        l674 063F                        l690 0630  
                      l682 0617                        l826 072D                        l818 0681  
                      l692 0635                        l676 061B                        l684 0624  
                      l780 07A6                        l828 073B                        l678 0620  
                      l686 0629                        l694 0647                        l790 07D5  
                      l782 07A9                        l688 062D                        l696 064C  
                      l792 07E3                        l784 07B6                        l698 0650  
                      l794 07E4                        l786 07BA                        l778 0796  
                      l796 07ED                        l788 07C3                        l798 07F3  
                      u200 06D7                        u130 07A6                        u131 07A5  
                      u205 06D2                        u150 07BA                        u151 07B9  
                      u217 06A9                        u145 07AB                        u170 07D5  
                      u227 0733                        u171 07D4                        u165 07BC  
                      u190 07F3                        u191 07F2                        u175 07D1  
                      u185 07E5                       _PIR1 000C                       _main 073B  
         __end_of_I2C_Nack 0639           __end_of_I2C_Init 06F5           __end_of_I2C_Read 0681  
                     btemp 007E           __end_of_I2C_Wait 0646           __end_of_I2C_Stop 062D  
                     start 0000       __end_of_EEPROM_Write 06B1                      ?_main 0070  
          __end_of___lldiv 07FC                      _PORTC 0007                      _PORTD 0008  
                    _TRISC 0087                      _TRISD 0088          __end_of_I2C_Start 0624  
        __end_of_I2C_Write 0660                      status 0003                      wtemp0 007E  
         EEPROM_Write@data 0075            __initialization 07FC               __end_of_main 0796  
                   ??_main 0028                     _SSPADD 0093                     _SSPCON 0014  
                   _SSPBUF 0013                  ??___lldiv 0078                  ?_I2C_Nack 0070  
                ?_I2C_Init 0020                  ?_I2C_Read 0070                  ?_I2C_Wait 0070  
                ?_I2C_Stop 0070    __end_of__initialization 07FC             __pcstackCOMMON 0070  
               ??_I2C_Nack 0070                 ??_I2C_Init 0024                 ??_I2C_Read 0070  
               ??_I2C_Wait 0070                 ??_I2C_Stop 0070               _EEPROM_Write 0681  
             I2C_Init@freq 0020                 __pmaintext 073B                    _ACKSTAT 048E  
                  _SSPCON2 0091                    _SSPSTAT 0094                  _I2C_Start 061B  
                _I2C_Write 0646                    ___lldiv 0796                    __ptext1 06B1  
                  __ptext2 0796                    __ptext3 0681                    __ptext4 06F5  
                  __ptext5 0646                    __ptext6 0624                    __ptext7 061B  
                  __ptext8 0612                    __ptext9 0660       end_of_initialization 07FC  
            ??_EEPROM_Read 0075                 ?_I2C_Start 0070                 ?_I2C_Write 0070  
          ___lldiv@divisor 0070            ___lldiv@counter 007D        __end_of_EEPROM_Read 073B  
      start_initialization 07FC                ??_I2C_Start 0070                ??_I2C_Write 0070  
        _I2C_Repeatedstart 0612         ?_I2C_Repeatedstart 0070                  ___latbits 0002  
            __pcstackBANK0 0020        ??_I2C_Repeatedstart 0070                _EEPROM_Read 06F5  
                 ?___lldiv 0070  __end_of_I2C_Repeatedstart 061B                   _I2C_Nack 062D  
                 _I2C_Init 06B1                   _I2C_Read 0660                   _I2C_Wait 0639  
                 _I2C_Stop 0624              I2C_Write@data 0072                   __ptext10 062D  
                 __ptext11 0639              ?_EEPROM_Write 0073             ??_EEPROM_Write 0076  
             ?_EEPROM_Read 0073           ___lldiv@dividend 0074         EEPROM_Read@address 0073  
         ___lldiv@quotient 0079            EEPROM_Read@data 0078        EEPROM_Write@address 0073  
